<?xml version="1.0" encoding="UTF-8"?>
<!-- Generated by org.testng.reporters.JUnitXMLReporter -->
<testsuite ignored="4" hostname="Adithya" failures="0" tests="2" name="Test" time="9.658" errors="0" timestamp="2023-01-12T17:06:09 IST">
  <testcase classname="cars.TC_Car_BMW_01" name="BMW" time="9.397"/>
  <testcase classname="Bikes.TC_Bikes_Honda_02" name="Honda" time="0.003"/>
  <testcase classname="Bikes.TC_Bikes_ducati_01" name="DucatiMos" time="0.0">
    <ignored/>
  </testcase> <!-- DucatiMos -->
  <testcase classname="cars.TC_Car_Lambo_03" name="Lambo" time="0.0">
    <ignored/>
  </testcase> <!-- Lambo -->
  <testcase classname="Bikes.TC_Bikes_Bajaj_03" name="Bajaj" time="0.0">
    <ignored/>
  </testcase> <!-- Bajaj -->
  <testcase classname="cars.TC_Car_URUS_02" name="URUSWhite" time="0.0">
    <ignored/>
  </testcase> <!-- URUSWhite -->
</testsuite> <!-- Test -->
